<?xml version="1.0" encoding="UTF-8"?>
<!-- Generated by org.testng.reporters.JUnitXMLReporter -->
<testsuite hostname="LAPTOP-8UAN02BP" name="Cucumber Tests" tests="1" failures="1" timestamp="4 Jun 2019 02:19:00 GMT" time="22.059" errors="0">
  <testcase name="feature" time="20.597" classname="runners.MainRunner">
    <failure type="cucumber.runtime.CucumberException" message="java.lang.AssertionError: expected:&amp;lt;true&amp;gt; but was:&amp;lt;false&amp;gt;">
      <![CDATA[cucumber.runtime.CucumberException: java.lang.AssertionError: expected:<true> but was:<false>
	at cucumber.api.testng.TestNGCucumberRunner.runCucumber(TestNGCucumberRunner.java:69)
	at cucumber.api.testng.AbstractTestNGCucumberTests.feature(AbstractTestNGCucumberTests.java:21)
Caused by: java.lang.AssertionError: expected:<true> but was:<false>
	at org.junit.Assert.fail(Assert.java:88)
	at org.junit.Assert.failNotEquals(Assert.java:834)
	at org.junit.Assert.assertEquals(Assert.java:118)
	at org.junit.Assert.assertEquals(Assert.java:144)
	at stepDefinitions.ServiceNswSteps.i_click_to_service_centre_named_as(ServiceNswSteps.java:43)
	at ✽.Then I click to service centre named as "Marrickville Service Centre "(service_nsw.feature:9)
... Removed 27 stack frames]]>
    </failure>
  </testcase> <!-- feature -->
</testsuite> <!-- Cucumber Tests -->
