<?xml version="1.0" encoding="UTF-8"?>
<testsuite xmlns:xsi="http://www.w3.org/2001/XMLSchema-instance" xsi:schemaLocation="https://maven.apache.org/surefire/maven-surefire-plugin/xsd/surefire-test-report.xsd" name="TestSuite" time="23.135" tests="1" errors="0" skipped="0" failures="1">
  <properties>
[...]
</properties>
  <testcase name="feature" classname="runners.MainRunner" time="20.69">
    <failure message="java.lang.AssertionError: expected:&lt;true&gt; but was:&lt;false&gt;" type="cucumber.runtime.CucumberException"><![CDATA[cucumber.runtime.CucumberException: java.lang.AssertionError: expected:<true> but was:<false>
Caused by: java.lang.AssertionError: expected:<true> but was:<false>
]]></failure>
    <system-out><![CDATA[...
... TestNG 6.9.10 by Cédric Beust (cedric@beust.com)
...

Feature: Submit data to Service NSW and validate it

  @test
  Scenario Outline: Submit valid data via Service NSW website              # service_nsw.feature:3
    Given I navigate to service nsw website
    When Search for "Apply for a number plate"
    And Validate the navigation to appropriate page
    When I click on Locate us button
    And I Enter suburb <SuburbName>
    Then I click to service centre named as "Marrickville Service Centre "

    Examples: 
WebElement is visible using locator: <[[ChromeDriver: chrome on XP (ebd07620653bfd1741de81285ac682f9)] -> id: edit-contains]>
Successfully Sent the following keys: 'Apply for a number plate' to element: <[[ChromeDriver: chrome on XP (ebd07620653bfd1741de81285ac682f9)] -> id: edit-contains]>
Successfully clicked on the WebElement: <Proxy element for: DefaultElementLocator 'By.cssSelector: .locate-us-button'>
WebElement is visible using locator: <[[ChromeDriver: chrome on XP (ebd07620653bfd1741de81285ac682f9)] -> id: locatorTextSearch]>
Successfully Sent the following keys: '' to element: <[[ChromeDriver: chrome on XP (ebd07620653bfd1741de81285ac682f9)] -> id: locatorTextSearch]>
WebElement is visible using locator: <[[ChromeDriver: chrome on XP (ebd07620653bfd1741de81285ac682f9)] -> id: locatorTextSearch]>
Successfully Sent the following keys: 'Sydney 2000' to element: <[[ChromeDriver: chrome on XP (ebd07620653bfd1741de81285ac682f9)] -> id: locatorTextSearch]>
Successfully clicked on the WebElement: <[[ChromeDriver: chrome on XP (ebd07620653bfd1741de81285ac682f9)] -> css selector: .form__actions]>
I am here
false

  @test
  Scenario Outline: Submit valid data via Service NSW website              # service_nsw.feature:14
    Given I navigate to service nsw website                                # ServiceNswSteps.i_navigate_to_service_nsw_website()
    When Search for "Apply for a number plate"                             # ServiceNswSteps.search_for(String)
    And Validate the navigation to appropriate page                        # ServiceNswSteps.validate_the_navigation_to_appropriate_page()
    When I click on Locate us button                                       # ServiceNswSteps.i_click_on_Locate_us_button()
    And I Enter suburb "Sydney 2000"                                       # ServiceNswSteps.i_Enter_suburb(String)
    Then I click to service centre named as "Marrickville Service Centre " # ServiceNswSteps.i_click_to_service_centre_named_as(String)
      java.lang.AssertionError: expected:<true> but was:<false>
      	at org.junit.Assert.fail(Assert.java:88)
      	at org.junit.Assert.failNotEquals(Assert.java:834)
      	at org.junit.Assert.assertEquals(Assert.java:118)
      	at org.junit.Assert.assertEquals(Assert.java:144)
      	at stepDefinitions.ServiceNswSteps.i_click_to_service_centre_named_as(ServiceNswSteps.java:43)
      	at ?.Then I click to service centre named as "Marrickville Service Centre "(service_nsw.feature:9)

]]></system-out>
    <system-err><![CDATA[Starting ChromeDriver 2.38.552522 (437e6fbedfa8762dec75e2c5b3ddb86763dc9dcb) on port 36892
Only local connections are allowed.
Jun 04, 2019 12:18:44 PM org.openqa.selenium.remote.ProtocolHandshake createSession
INFO: Detected dialect: OSS
]]></system-err>
  </testcase>
</testsuite>