-------------------------------------------------------------------------------
Test set: TestSuite
-------------------------------------------------------------------------------
Tests run: 1, Failures: 1, Errors: 0, Skipped: 0, Time elapsed: 23.135 sec <<< FAILURE! - in TestSuite
feature(runners.MainRunner)  Time elapsed: 20.69 sec  <<< FAILURE!
cucumber.runtime.CucumberException: java.lang.AssertionError: expected:<true> but was:<false>
Caused by: java.lang.AssertionError: expected:<true> but was:<false>

